12:57:41.844 [main] INFO  org.testng.internal.Utils - [TestNG] Running:
  C:\Workspace\Java\OpenCart7744\grouping.xml

12:57:44.908 [main] INFO  testCases.TC001_AccountRegistrationTest - ******** Starting TC001_AccountRegiistrationTest ********
12:57:45.045 [main] INFO  testCases.TC001_AccountRegistrationTest - Clicked on My Account Link
12:57:45.504 [main] INFO  testCases.TC001_AccountRegistrationTest - Clicked on Register Link
12:57:48.513 [main] INFO  testCases.TC001_AccountRegistrationTest - Providing customer details....
12:57:52.888 [main] INFO  testCases.TC001_AccountRegistrationTest - Validating expected Message...
12:57:52.931 [main] INFO  testCases.TC001_AccountRegistrationTest - ******** Finishing TC001_AccountRegiistrationTest ********
12:57:55.372 [main] INFO  testCases.TS002_AccountLoginTest - ******Starting TS002_AccountLoginTest******
13:04:23.996 [main] INFO  org.testng.internal.Utils - [TestNG] Running:
  C:\Workspace\Java\OpenCart7744\test-output\testng-failed.xml

13:04:26.627 [main] INFO  testCases.TS002_AccountLoginTest - ******Starting TS002_AccountLoginTest******
13:04:28.183 [main] INFO  testCases.TS002_AccountLoginTest - *****Finished TS002_AccountLoginTest*****
12:51:58.310 [main] INFO  org.testng.internal.Utils - [TestNG] Running:
  C:\Workspace\Java\OpenCart7744\grid-docker.xml

12:52:06.734 [main] INFO  testCases.TC001_AccountRegistrationTest - ******** Starting TC001_AccountRegiistrationTest ********
12:52:06.904 [main] INFO  testCases.TC001_AccountRegistrationTest - Clicked on My Account Link
12:52:07.355 [main] INFO  testCases.TC001_AccountRegistrationTest - Clicked on Register Link
12:52:10.362 [main] INFO  testCases.TC001_AccountRegistrationTest - Providing customer details....
12:52:14.680 [main] INFO  testCases.TC001_AccountRegistrationTest - Validating expected Message...
12:52:14.722 [main] INFO  testCases.TC001_AccountRegistrationTest - ******** Finishing TC001_AccountRegiistrationTest ********
12:52:17.162 [main] INFO  testCases.TS002_AccountLoginTest - ******Starting TS002_AccountLoginTest******
12:52:18.611 [main] INFO  testCases.TS002_AccountLoginTest - *****Finished TS002_AccountLoginTest*****
12:53:11.994 [main] INFO  org.testng.internal.Utils - [TestNG] Running:
  C:\Workspace\Java\OpenCart7744\grid-docker.xml

12:53:23.932 [main] INFO  testCases.TC001_AccountRegistrationTest - ******** Starting TC001_AccountRegiistrationTest ********
12:53:24.206 [main] INFO  testCases.TC001_AccountRegistrationTest - Clicked on My Account Link
12:53:24.920 [main] INFO  testCases.TC001_AccountRegistrationTest - Clicked on Register Link
12:53:27.929 [main] INFO  testCases.TC001_AccountRegistrationTest - Providing customer details....
12:53:32.829 [main] INFO  testCases.TC001_AccountRegistrationTest - Validating expected Message...
12:53:32.870 [main] INFO  testCases.TC001_AccountRegistrationTest - ******** Finishing TC001_AccountRegiistrationTest ********
12:53:40.999 [main] INFO  testCases.TS002_AccountLoginTest - ******Starting TS002_AccountLoginTest******
12:53:42.881 [main] INFO  testCases.TS002_AccountLoginTest - *****Finished TS002_AccountLoginTest*****
12:53:59.654 [main] INFO  org.testng.internal.Utils - [TestNG] Running:
  C:\Workspace\Java\OpenCart7744\grid-docker.xml

12:54:02.434 [main] INFO  testCases.TC001_AccountRegistrationTest - ******** Starting TC001_AccountRegiistrationTest ********
12:54:02.714 [main] INFO  testCases.TC001_AccountRegistrationTest - Clicked on My Account Link
12:54:03.426 [main] INFO  testCases.TC001_AccountRegistrationTest - Clicked on Register Link
12:54:06.436 [main] INFO  testCases.TC001_AccountRegistrationTest - Providing customer details....
12:54:10.726 [main] INFO  testCases.TC001_AccountRegistrationTest - Validating expected Message...
12:54:10.804 [main] INFO  testCases.TC001_AccountRegistrationTest - ******** Finishing TC001_AccountRegiistrationTest ********
12:54:13.376 [main] INFO  testCases.TS002_AccountLoginTest - ******Starting TS002_AccountLoginTest******
12:54:14.895 [main] INFO  testCases.TS002_AccountLoginTest - *****Finished TS002_AccountLoginTest*****
11:41:10.690 [main] INFO  testCases.TC001_AccountRegistrationTest - ******** Starting TC001_AccountRegiistrationTest ********
11:41:10.881 [main] INFO  testCases.TC001_AccountRegistrationTest - Clicked on My Account Link
11:41:11.415 [main] INFO  testCases.TC001_AccountRegistrationTest - Clicked on Register Link
11:41:14.424 [main] INFO  testCases.TC001_AccountRegistrationTest - Providing customer details....
11:41:19.029 [main] INFO  testCases.TC001_AccountRegistrationTest - Validating expected Message...
11:41:19.076 [main] INFO  testCases.TC001_AccountRegistrationTest - ******** Finishing TC001_AccountRegiistrationTest ********
11:41:21.886 [main] INFO  testCases.TS002_AccountLoginTest - ******Starting TS002_AccountLoginTest******
11:41:23.419 [main] INFO  testCases.TS002_AccountLoginTest - *****Finished TS002_AccountLoginTest*****
